30-06-2023 18:36:57 first argument - 2+3i
30-06-2023 18:38:01 first argument - 4+6i
30-06-2023 18:51:04 first argument - 4+6i
30-06-2023 18:51:46 sum 8+3i
30-06-2023 18:52:00 sum 4+6i
30-06-2023 18:52:06 Result: 16+15i
30-06-2023 19:05:29 first argument - 3+1i
30-06-2023 19:05:42 sum 5+2i
30-06-2023 19:05:44 Result: 8+3i
30-06-2023 19:19:03 first argument - 3+1i
30-06-2023 19:19:12 sum 5+2i
30-06-2023 19:19:15 Result: 8+3i
30-06-2023 19:33:54 first argument - 3+1i
30-06-2023 19:34:05 subtract 5+2i
30-06-2023 19:34:07 Result: -2+-1i
30-06-2023 19:44:37 first argument - 2+3i
30-06-2023 19:45:02 multiply 3+1i
30-06-2023 19:45:05 Result: 3+11i
30-06-2023 19:46:51 first argument - 2+1i
30-06-2023 19:47:10 divide 1+1i
30-06-2023 19:47:12 Result: 1+0i
30-06-2023 19:49:45 first argument - 2+11i
30-06-2023 19:49:56 subtract 9+6i
30-06-2023 19:49:58 Result: -7+5i
30-06-2023 19:50:46 first argument - 4+6i
30-06-2023 19:50:58 sum 8+3i
30-06-2023 19:51:00 Result: 12+9i
30-06-2023 19:53:10 first argument - 3+2i
30-06-2023 19:53:39 multiply 1+7i
30-06-2023 19:53:41 Result: -11+23i
30-06-2023 19:54:47 first argument - 12+7i
30-06-2023 19:55:26 subtract 8+14i
30-06-2023 19:55:28 Result: 4-7i
